<?xml version="1.0" encoding="UTF-8"?>
<!-- Generated by org.testng.reporters.JUnitReportReporter -->
<testsuite skipped="0" hostname="VIGYAN-L-PC12" name="testNG.test_update" tests="1" failures="0" timestamp="22 Mar 2018 10:12:11 GMT" time="5.209" errors="0">
  <testcase name="f" time="5.209" classname="testNG.test_update"/>
</testsuite> <!-- testNG.test_update -->
